0 info it worked if it ends with ok
1 verbose cli [ 'D:\\Program Files\\nodejs\\node.exe',
1 verbose cli   'D:\\Program Files\\nodejs\\node_modules\\npm\\bin\\npm-cli.js',
1 verbose cli   'install' ]
2 info using npm@3.3.12
3 info using node@v5.3.0
4 silly loadCurrentTree Starting
5 silly install loadCurrentTree
6 silly install readLocalPackageData
7 silly install normalizeTree
8 silly loadCurrentTree Finishing
9 silly loadIdealTree Starting
10 silly install loadIdealTree
11 silly cloneCurrentTree Starting
12 silly install cloneCurrentTreeToIdealTree
13 silly cloneCurrentTree Finishing
14 silly loadShrinkwrap Starting
15 silly install loadShrinkwrap
16 silly loadShrinkwrap Finishing
17 silly loadAllDepsIntoIdealTree Starting
18 silly install loadAllDepsIntoIdealTree
19 silly fetchNamedPackageData bindings
20 silly mapToRegistry name bindings
21 silly mapToRegistry using default registry
22 silly mapToRegistry registry https://registry.npmjs.org/
23 silly mapToRegistry uri https://registry.npmjs.org/bindings
24 verbose request uri https://registry.npmjs.org/bindings
25 verbose request no auth needed
26 info attempt registry request try #1 at 13:50:57
27 verbose request id 1e194b7d5d4af440
28 verbose etag "33TX4J3DNTGF7K41ZUV6OA182"
29 http request GET https://registry.npmjs.org/bindings
30 http 304 https://registry.npmjs.org/bindings
31 verbose headers { date: 'Tue, 30 Aug 2016 05:50:58 GMT',
31 verbose headers   via: '1.1 varnish',
31 verbose headers   'cache-control': 'max-age=300',
31 verbose headers   etag: '"33TX4J3DNTGF7K41ZUV6OA182"',
31 verbose headers   age: '232',
31 verbose headers   connection: 'keep-alive',
31 verbose headers   'x-served-by': 'cache-ams4440-AMS',
31 verbose headers   'x-cache': 'HIT',
31 verbose headers   'x-cache-hits': '1',
31 verbose headers   'x-timer': 'S1472536258.612296,VS0,VE0',
31 verbose headers   vary: 'Accept-Encoding' }
32 silly get cb [ 304,
32 silly get   { date: 'Tue, 30 Aug 2016 05:50:58 GMT',
32 silly get     via: '1.1 varnish',
32 silly get     'cache-control': 'max-age=300',
32 silly get     etag: '"33TX4J3DNTGF7K41ZUV6OA182"',
32 silly get     age: '232',
32 silly get     connection: 'keep-alive',
32 silly get     'x-served-by': 'cache-ams4440-AMS',
32 silly get     'x-cache': 'HIT',
32 silly get     'x-cache-hits': '1',
32 silly get     'x-timer': 'S1472536258.612296,VS0,VE0',
32 silly get     vary: 'Accept-Encoding' } ]
33 verbose etag https://registry.npmjs.org/bindings from cache
34 verbose get saving bindings to C:\Users\lengxue\AppData\Roaming\npm-cache\registry.npmjs.org\bindings\.cache.json
35 silly resolveWithNewModule bindings@1.2.1 checking installable status
36 silly cache add args [ 'bindings@1.2.1', null ]
37 verbose cache add spec bindings@1.2.1
38 silly cache add parsed spec Result {
38 silly cache add   raw: 'bindings@1.2.1',
38 silly cache add   scope: null,
38 silly cache add   name: 'bindings',
38 silly cache add   rawSpec: '1.2.1',
38 silly cache add   spec: '1.2.1',
38 silly cache add   type: 'version' }
39 silly addNamed bindings@1.2.1
40 verbose addNamed "1.2.1" is a plain semver version for bindings
41 silly mapToRegistry name bindings
42 silly mapToRegistry using default registry
43 silly mapToRegistry registry https://registry.npmjs.org/
44 silly mapToRegistry uri https://registry.npmjs.org/bindings
45 verbose addNameVersion registry:https://registry.npmjs.org/bindings not in flight; fetching
46 verbose get https://registry.npmjs.org/bindings not expired, no request
47 silly cache afterAdd bindings@1.2.1
48 verbose afterAdd C:\Users\lengxue\AppData\Roaming\npm-cache\bindings\1.2.1\package\package.json not in flight; writing
49 verbose afterAdd C:\Users\lengxue\AppData\Roaming\npm-cache\bindings\1.2.1\package\package.json written
50 silly fetchNamedPackageData fsevents
51 silly mapToRegistry name fsevents
52 silly mapToRegistry using default registry
53 silly mapToRegistry registry https://registry.npmjs.org/
54 silly mapToRegistry uri https://registry.npmjs.org/fsevents
55 verbose request uri https://registry.npmjs.org/fsevents
56 verbose request no auth needed
57 info attempt registry request try #1 at 13:51:01
58 verbose etag "1IUUBBNAFSLRNOMEHDGNJ1LTJ"
59 http request GET https://registry.npmjs.org/fsevents
60 http 304 https://registry.npmjs.org/fsevents
61 verbose headers { date: 'Tue, 30 Aug 2016 05:51:00 GMT',
61 verbose headers   via: '1.1 varnish',
61 verbose headers   'cache-control': 'max-age=300',
61 verbose headers   etag: '"1IUUBBNAFSLRNOMEHDGNJ1LTJ"',
61 verbose headers   age: '176',
61 verbose headers   connection: 'keep-alive',
61 verbose headers   'x-served-by': 'cache-ams4130-AMS',
61 verbose headers   'x-cache': 'HIT',
61 verbose headers   'x-cache-hits': '3',
61 verbose headers   'x-timer': 'S1472536260.549169,VS0,VE0',
61 verbose headers   vary: 'Accept-Encoding' }
62 silly get cb [ 304,
62 silly get   { date: 'Tue, 30 Aug 2016 05:51:00 GMT',
62 silly get     via: '1.1 varnish',
62 silly get     'cache-control': 'max-age=300',
62 silly get     etag: '"1IUUBBNAFSLRNOMEHDGNJ1LTJ"',
62 silly get     age: '176',
62 silly get     connection: 'keep-alive',
62 silly get     'x-served-by': 'cache-ams4130-AMS',
62 silly get     'x-cache': 'HIT',
62 silly get     'x-cache-hits': '3',
62 silly get     'x-timer': 'S1472536260.549169,VS0,VE0',
62 silly get     vary: 'Accept-Encoding' } ]
63 verbose etag https://registry.npmjs.org/fsevents from cache
64 verbose get saving fsevents to C:\Users\lengxue\AppData\Roaming\npm-cache\registry.npmjs.org\fsevents\.cache.json
65 silly resolveWithNewModule fsevents@1.0.14 checking installable status
66 warn install Couldn't install optional dependency: Unsupported
67 verbose install Error: Unsupported
67 verbose install     at checkPlatform (D:\Program Files\nodejs\node_modules\npm\node_modules\npm-install-checks\index.js:46:14)
67 verbose install     at Array.<anonymous> (D:\Program Files\nodejs\node_modules\npm\node_modules\slide\lib\bind-actor.js:15:8)
67 verbose install     at LOOP (D:\Program Files\nodejs\node_modules\npm\node_modules\slide\lib\chain.js:15:14)
67 verbose install     at D:\Program Files\nodejs\node_modules\npm\node_modules\slide\lib\chain.js:18:7
67 verbose install     at checkEngine (D:\Program Files\nodejs\node_modules\npm\node_modules\npm-install-checks\index.js:25:10)
67 verbose install     at Array.<anonymous> (D:\Program Files\nodejs\node_modules\npm\node_modules\slide\lib\bind-actor.js:15:8)
67 verbose install     at LOOP (D:\Program Files\nodejs\node_modules\npm\node_modules\slide\lib\chain.js:15:14)
67 verbose install     at chain (D:\Program Files\nodejs\node_modules\npm\node_modules\slide\lib\chain.js:20:5)
67 verbose install     at module.exports.isInstallable (D:\Program Files\nodejs\node_modules\npm\lib\install\validate-args.js:26:3)
67 verbose install     at resolveWithNewModule (D:\Program Files\nodejs\node_modules\npm\lib\install\deps.js:452:12)
68 silly loadAllDepsIntoIdealTree Finishing
69 silly idealTree:prePrune imooc@1.0.0
69 silly idealTree:prePrune ├── abbrev@1.0.9
69 silly idealTree:prePrune ├── accepts@1.3.3
69 silly idealTree:prePrune ├─┬ acorn-globals@1.0.9
69 silly idealTree:prePrune │ └── acorn@2.7.0
69 silly idealTree:prePrune ├── acorn@3.3.0
69 silly idealTree:prePrune ├── align-text@0.1.4
69 silly idealTree:prePrune ├── amdefine@1.0.0
69 silly idealTree:prePrune ├── ansi-regex@2.0.0
69 silly idealTree:prePrune ├── ansi-styles@2.2.1
69 silly idealTree:prePrune ├── anymatch@1.3.0
69 silly idealTree:prePrune ├── argparse@1.0.7
69 silly idealTree:prePrune ├── arr-diff@2.0.0
69 silly idealTree:prePrune ├── arr-flatten@1.0.1
69 silly idealTree:prePrune ├── array-find-index@1.0.1
69 silly idealTree:prePrune ├── array-flatten@1.1.1
69 silly idealTree:prePrune ├── array-unique@0.2.1
69 silly idealTree:prePrune ├── arrify@1.0.1
69 silly idealTree:prePrune ├── asap@1.0.0
69 silly idealTree:prePrune ├── async-each@1.0.1
69 silly idealTree:prePrune ├── async@0.2.10
69 silly idealTree:prePrune ├── balanced-match@0.4.2
69 silly idealTree:prePrune ├─┬ bcrypt@0.8.7
69 silly idealTree:prePrune │ └── nan@2.3.5
69 silly idealTree:prePrune ├── binary-extensions@1.5.0
69 silly idealTree:prePrune ├── bindings@1.2.1
69 silly idealTree:prePrune ├── bluebird@2.10.2
69 silly idealTree:prePrune ├── body-parser@1.15.2
69 silly idealTree:prePrune ├── brace-expansion@1.1.6
69 silly idealTree:prePrune ├── braces@1.8.5
69 silly idealTree:prePrune ├── bson@0.4.23
69 silly idealTree:prePrune ├── buffer-shims@1.0.0
69 silly idealTree:prePrune ├── builtin-modules@1.1.1
69 silly idealTree:prePrune ├── bytes@2.4.0
69 silly idealTree:prePrune ├─┬ camelcase-keys@2.1.0
69 silly idealTree:prePrune │ └── camelcase@2.1.1
69 silly idealTree:prePrune ├── camelcase@1.2.1
69 silly idealTree:prePrune ├── center-align@0.1.3
69 silly idealTree:prePrune ├── chalk@1.1.3
69 silly idealTree:prePrune ├── character-parser@1.2.1
69 silly idealTree:prePrune ├── chokidar@1.6.0
69 silly idealTree:prePrune ├─┬ clean-css@3.4.19
69 silly idealTree:prePrune │ └── commander@2.8.1
69 silly idealTree:prePrune ├─┬ cliui@2.1.0
69 silly idealTree:prePrune │ └── wordwrap@0.0.2
69 silly idealTree:prePrune ├── coffee-script@1.10.0
69 silly idealTree:prePrune ├── colors@1.1.2
69 silly idealTree:prePrune ├── commander@2.6.0
69 silly idealTree:prePrune ├── concat-map@0.0.1
69 silly idealTree:prePrune ├── configstore@1.4.0
69 silly idealTree:prePrune ├── constantinople@3.1.0
69 silly idealTree:prePrune ├── content-disposition@0.5.1
69 silly idealTree:prePrune ├── content-type@1.0.2
69 silly idealTree:prePrune ├── cookie-signature@1.0.6
69 silly idealTree:prePrune ├── cookie@0.3.1
69 silly idealTree:prePrune ├── core-util-is@1.0.2
69 silly idealTree:prePrune ├── css-parse@1.0.4
69 silly idealTree:prePrune ├── css-stringify@1.0.5
69 silly idealTree:prePrune ├── css@1.0.8
69 silly idealTree:prePrune ├── currently-unhandled@0.4.1
69 silly idealTree:prePrune ├── dateformat@1.0.12
69 silly idealTree:prePrune ├── debug@2.2.0
69 silly idealTree:prePrune ├── decamelize@1.2.0
69 silly idealTree:prePrune ├── deep-extend@0.4.1
69 silly idealTree:prePrune ├── depd@1.1.0
69 silly idealTree:prePrune ├── destroy@1.0.4
69 silly idealTree:prePrune ├── doctypes@1.1.0
69 silly idealTree:prePrune ├── duplexer@0.1.1
69 silly idealTree:prePrune ├─┬ duplexify@3.4.5
69 silly idealTree:prePrune │ ├── isarray@1.0.0
69 silly idealTree:prePrune │ └── readable-stream@2.1.5
69 silly idealTree:prePrune ├── ee-first@1.1.1
69 silly idealTree:prePrune ├── encodeurl@1.0.1
69 silly idealTree:prePrune ├── end-of-stream@1.0.0
69 silly idealTree:prePrune ├── error-ex@1.3.0
69 silly idealTree:prePrune ├── es6-promise@3.2.1
69 silly idealTree:prePrune ├── escape-html@1.0.3
69 silly idealTree:prePrune ├── escape-string-regexp@1.0.5
69 silly idealTree:prePrune ├── esprima@2.7.3
69 silly idealTree:prePrune ├── etag@1.7.0
69 silly idealTree:prePrune ├── event-stream@3.3.4
69 silly idealTree:prePrune ├── eventemitter2@0.4.14
69 silly idealTree:prePrune ├── exit@0.1.2
69 silly idealTree:prePrune ├── expand-brackets@0.1.5
69 silly idealTree:prePrune ├── expand-range@1.8.2
69 silly idealTree:prePrune ├── express@4.14.0
69 silly idealTree:prePrune ├── extglob@0.3.2
69 silly idealTree:prePrune ├── faye-websocket@0.10.0
69 silly idealTree:prePrune ├── filename-regex@2.0.0
69 silly idealTree:prePrune ├── fill-range@2.2.3
69 silly idealTree:prePrune ├── finalhandler@0.5.0
69 silly idealTree:prePrune ├── find-up@1.1.2
69 silly idealTree:prePrune ├─┬ findup-sync@0.3.0
69 silly idealTree:prePrune │ └── glob@5.0.15
69 silly idealTree:prePrune ├── for-in@0.1.5
69 silly idealTree:prePrune ├── for-own@0.1.4
69 silly idealTree:prePrune ├── forwarded@0.1.0
69 silly idealTree:prePrune ├── fresh@0.3.0
69 silly idealTree:prePrune ├── from@0.1.3
69 silly idealTree:prePrune ├── fs.realpath@1.0.0
69 silly idealTree:prePrune ├── gaze@1.1.1
69 silly idealTree:prePrune ├── get-stdin@4.0.1
69 silly idealTree:prePrune ├── getobject@0.1.0
69 silly idealTree:prePrune ├── glob-base@0.3.0
69 silly idealTree:prePrune ├── glob-parent@2.0.0
69 silly idealTree:prePrune ├── glob@7.0.6
69 silly idealTree:prePrune ├─┬ globule@1.0.0
69 silly idealTree:prePrune │ └── lodash@4.9.0
69 silly idealTree:prePrune ├─┬ got@3.3.1
69 silly idealTree:prePrune │ └── object-assign@3.0.0
69 silly idealTree:prePrune ├── graceful-fs@4.1.6
69 silly idealTree:prePrune ├── graceful-readlink@1.0.1
69 silly idealTree:prePrune ├─┬ grunt-concurrent@2.3.1
69 silly idealTree:prePrune │ └── async@1.5.2
69 silly idealTree:prePrune ├─┬ grunt-contrib-watch@1.0.0
69 silly idealTree:prePrune │ └── async@1.5.2
69 silly idealTree:prePrune ├── grunt-known-options@1.1.0
69 silly idealTree:prePrune ├─┬ grunt-legacy-log-utils@1.0.0
69 silly idealTree:prePrune │ └── lodash@4.3.0
69 silly idealTree:prePrune ├── grunt-legacy-log@1.0.0
69 silly idealTree:prePrune ├─┬ grunt-legacy-util@1.0.0
69 silly idealTree:prePrune │ ├── async@1.5.2
69 silly idealTree:prePrune │ └── lodash@4.3.0
69 silly idealTree:prePrune ├── grunt-nodemon@0.4.2
69 silly idealTree:prePrune ├─┬ grunt@1.0.1
69 silly idealTree:prePrune │ ├── grunt-cli@1.2.0
69 silly idealTree:prePrune │ └── nopt@3.0.6
69 silly idealTree:prePrune ├── has-ansi@2.0.0
69 silly idealTree:prePrune ├── hooker@0.2.3
69 silly idealTree:prePrune ├── hooks-fixed@1.2.0
69 silly idealTree:prePrune ├── hosted-git-info@2.1.5
69 silly idealTree:prePrune ├── http-errors@1.5.0
69 silly idealTree:prePrune ├── iconv-lite@0.4.13
69 silly idealTree:prePrune ├── ignore-by-default@1.0.1
69 silly idealTree:prePrune ├── imurmurhash@0.1.4
69 silly idealTree:prePrune ├─┬ indent-string@2.1.0
69 silly idealTree:prePrune │ └── repeating@2.0.1
69 silly idealTree:prePrune ├── infinity-agent@2.0.3
69 silly idealTree:prePrune ├── inflight@1.0.5
69 silly idealTree:prePrune ├── inherits@2.0.1
69 silly idealTree:prePrune ├── ini@1.3.4
69 silly idealTree:prePrune ├── ipaddr.js@1.1.1
69 silly idealTree:prePrune ├── is-arrayish@0.2.1
69 silly idealTree:prePrune ├── is-binary-path@1.0.1
69 silly idealTree:prePrune ├── is-buffer@1.1.4
69 silly idealTree:prePrune ├── is-builtin-module@1.0.0
69 silly idealTree:prePrune ├── is-dotfile@1.0.2
69 silly idealTree:prePrune ├── is-equal-shallow@0.1.3
69 silly idealTree:prePrune ├── is-expression@2.1.0
69 silly idealTree:prePrune ├── is-extendable@0.1.1
69 silly idealTree:prePrune ├── is-extglob@1.0.0
69 silly idealTree:prePrune ├── is-finite@1.0.1
69 silly idealTree:prePrune ├── is-glob@2.0.1
69 silly idealTree:prePrune ├── is-npm@1.0.0
69 silly idealTree:prePrune ├── is-number@2.1.0
69 silly idealTree:prePrune ├── is-posix-bracket@0.1.1
69 silly idealTree:prePrune ├── is-primitive@2.0.0
69 silly idealTree:prePrune ├── is-promise@2.1.0
69 silly idealTree:prePrune ├── is-redirect@1.0.0
69 silly idealTree:prePrune ├── is-regex@1.0.3
69 silly idealTree:prePrune ├── is-stream@1.1.0
69 silly idealTree:prePrune ├── is-utf8@0.2.1
69 silly idealTree:prePrune ├── isarray@0.0.1
69 silly idealTree:prePrune ├── isexe@1.1.2
69 silly idealTree:prePrune ├─┬ isobject@2.1.0
69 silly idealTree:prePrune │ └── isarray@1.0.0
69 silly idealTree:prePrune ├─┬ jade@1.11.0
69 silly idealTree:prePrune │ ├── acorn@2.7.0
69 silly idealTree:prePrune │ └── constantinople@3.0.2
69 silly idealTree:prePrune ├── js-stringify@1.0.2
69 silly idealTree:prePrune ├── js-yaml@3.5.5
69 silly idealTree:prePrune ├── jstransformer@0.0.2
69 silly idealTree:prePrune ├── kareem@1.1.3
69 silly idealTree:prePrune ├── kind-of@3.0.4
69 silly idealTree:prePrune ├── latest-version@1.0.1
69 silly idealTree:prePrune ├── lazy-cache@1.0.4
69 silly idealTree:prePrune ├── livereload-js@2.2.2
69 silly idealTree:prePrune ├── load-json-file@1.1.0
69 silly idealTree:prePrune ├── lodash._baseassign@3.2.0
69 silly idealTree:prePrune ├── lodash._basecopy@3.0.1
69 silly idealTree:prePrune ├── lodash._bindcallback@3.0.1
69 silly idealTree:prePrune ├── lodash._createassigner@3.1.1
69 silly idealTree:prePrune ├── lodash._getnative@3.9.1
69 silly idealTree:prePrune ├── lodash._isiterateecall@3.0.9
69 silly idealTree:prePrune ├── lodash.assign@3.2.0
69 silly idealTree:prePrune ├── lodash.defaults@3.1.2
69 silly idealTree:prePrune ├── lodash.isarguments@3.1.0
69 silly idealTree:prePrune ├── lodash.isarray@3.0.4
69 silly idealTree:prePrune ├── lodash.keys@3.1.2
69 silly idealTree:prePrune ├── lodash.restparam@3.6.1
69 silly idealTree:prePrune ├── lodash@3.10.1
69 silly idealTree:prePrune ├── longest@1.0.1
69 silly idealTree:prePrune ├── loud-rejection@1.6.0
69 silly idealTree:prePrune ├── lowercase-keys@1.0.0
69 silly idealTree:prePrune ├── map-obj@1.0.1
69 silly idealTree:prePrune ├── map-stream@0.1.0
69 silly idealTree:prePrune ├── media-typer@0.3.0
69 silly idealTree:prePrune ├─┬ meow@3.7.0
69 silly idealTree:prePrune │ └── minimist@1.2.0
69 silly idealTree:prePrune ├── merge-descriptors@1.0.1
69 silly idealTree:prePrune ├── methods@1.1.2
69 silly idealTree:prePrune ├── micromatch@2.3.11
69 silly idealTree:prePrune ├── mime-db@1.23.0
69 silly idealTree:prePrune ├── mime-types@2.1.11
69 silly idealTree:prePrune ├── mime@1.3.4
69 silly idealTree:prePrune ├── minimatch@3.0.3
69 silly idealTree:prePrune ├── minimist@0.0.8
69 silly idealTree:prePrune ├── mkdirp@0.5.1
69 silly idealTree:prePrune ├── moment@2.14.1
69 silly idealTree:prePrune ├── mongodb-core@1.3.18
69 silly idealTree:prePrune ├─┬ mongodb@2.1.18
69 silly idealTree:prePrune │ └── es6-promise@3.0.2
69 silly idealTree:prePrune ├─┬ mongoose@4.5.9
69 silly idealTree:prePrune │ └── async@1.5.2
69 silly idealTree:prePrune ├── mpath@0.2.1
69 silly idealTree:prePrune ├── mpromise@0.5.5
69 silly idealTree:prePrune ├─┬ mquery@1.11.0
69 silly idealTree:prePrune │ └── sliced@0.0.5
69 silly idealTree:prePrune ├── ms@0.7.1
69 silly idealTree:prePrune ├── muri@1.1.0
69 silly idealTree:prePrune ├── negotiator@0.6.1
69 silly idealTree:prePrune ├── nested-error-stacks@1.0.2
69 silly idealTree:prePrune ├── nodemon@1.10.2
69 silly idealTree:prePrune ├── nopt@1.0.10
69 silly idealTree:prePrune ├── normalize-package-data@2.3.5
69 silly idealTree:prePrune ├── normalize-path@2.0.1
69 silly idealTree:prePrune ├── number-is-nan@1.0.0
69 silly idealTree:prePrune ├── object-assign@4.1.0
69 silly idealTree:prePrune ├── object.omit@2.0.0
69 silly idealTree:prePrune ├── on-finished@2.3.0
69 silly idealTree:prePrune ├── once@1.3.3
69 silly idealTree:prePrune ├── optimist@0.3.7
69 silly idealTree:prePrune ├── os-homedir@1.0.1
69 silly idealTree:prePrune ├── os-tmpdir@1.0.1
69 silly idealTree:prePrune ├── osenv@0.1.3
69 silly idealTree:prePrune ├── package-json@1.2.0
69 silly idealTree:prePrune ├─┬ pad-stream@1.2.0
69 silly idealTree:prePrune │ └── repeating@2.0.1
69 silly idealTree:prePrune ├── parse-glob@3.0.4
69 silly idealTree:prePrune ├── parse-json@2.2.0
69 silly idealTree:prePrune ├── parseurl@1.3.1
69 silly idealTree:prePrune ├── path-exists@2.1.0
69 silly idealTree:prePrune ├── path-is-absolute@1.0.0
69 silly idealTree:prePrune ├── path-to-regexp@0.1.7
69 silly idealTree:prePrune ├── path-type@1.1.0
69 silly idealTree:prePrune ├── pause-stream@0.0.11
69 silly idealTree:prePrune ├── pify@2.3.0
69 silly idealTree:prePrune ├── pinkie-promise@2.0.1
69 silly idealTree:prePrune ├── pinkie@2.0.4
69 silly idealTree:prePrune ├── prepend-http@1.0.4
69 silly idealTree:prePrune ├── preserve@0.2.0
69 silly idealTree:prePrune ├── process-nextick-args@1.0.7
69 silly idealTree:prePrune ├── promise@6.1.0
69 silly idealTree:prePrune ├── proxy-addr@1.1.2
69 silly idealTree:prePrune ├── ps-tree@1.1.0
69 silly idealTree:prePrune ├── pug-attrs@0.0.0
69 silly idealTree:prePrune ├─┬ pug-code-gen@0.0.0
69 silly idealTree:prePrune │ ├── acorn-globals@3.0.0
69 silly idealTree:prePrune │ └── with@5.1.1
69 silly idealTree:prePrune ├── pug-error@0.0.0
69 silly idealTree:prePrune ├─┬ pug-filters@1.1.0
69 silly idealTree:prePrune │ ├── asap@2.0.4
69 silly idealTree:prePrune │ ├── jstransformer@0.0.3
69 silly idealTree:prePrune │ └── promise@7.1.1
69 silly idealTree:prePrune ├─┬ pug-lexer@0.0.0
69 silly idealTree:prePrune │ ├── acorn@2.7.0
69 silly idealTree:prePrune │ ├── character-parser@2.2.0
69 silly idealTree:prePrune │ └── is-expression@1.0.2
69 silly idealTree:prePrune ├── pug-linker@0.0.0
69 silly idealTree:prePrune ├── pug-loader@0.0.0
69 silly idealTree:prePrune ├── pug-parser@0.0.0
69 silly idealTree:prePrune ├── pug-runtime@0.0.0
69 silly idealTree:prePrune ├── pug-strip-comments@0.0.1
69 silly idealTree:prePrune ├── pug-walk@0.0.0
69 silly idealTree:prePrune ├── pug@0.1.0
69 silly idealTree:prePrune ├─┬ pump@1.0.1
69 silly idealTree:prePrune │ └── end-of-stream@1.1.0
69 silly idealTree:prePrune ├── pumpify@1.3.5
69 silly idealTree:prePrune ├── qs@6.2.0
69 silly idealTree:prePrune ├── randomatic@1.1.5
69 silly idealTree:prePrune ├── range-parser@1.2.0
69 silly idealTree:prePrune ├── raw-body@2.1.7
69 silly idealTree:prePrune ├─┬ rc@1.1.6
69 silly idealTree:prePrune │ └── minimist@1.2.0
69 silly idealTree:prePrune ├─┬ read-all-stream@3.1.0
69 silly idealTree:prePrune │ ├── isarray@1.0.0
69 silly idealTree:prePrune │ └── readable-stream@2.1.5
69 silly idealTree:prePrune ├── read-pkg-up@1.0.1
69 silly idealTree:prePrune ├── read-pkg@1.1.0
69 silly idealTree:prePrune ├── readable-stream@1.0.31
69 silly idealTree:prePrune ├─┬ readdirp@2.1.0
69 silly idealTree:prePrune │ ├── isarray@1.0.0
69 silly idealTree:prePrune │ └── readable-stream@2.1.5
69 silly idealTree:prePrune ├── redent@1.0.0
69 silly idealTree:prePrune ├── regex-cache@0.4.3
69 silly idealTree:prePrune ├── regexp-clone@0.0.1
69 silly idealTree:prePrune ├── registry-url@3.1.0
69 silly idealTree:prePrune ├── repeat-element@1.1.2
69 silly idealTree:prePrune ├── repeat-string@1.5.4
69 silly idealTree:prePrune ├── repeating@1.1.3
69 silly idealTree:prePrune ├── require_optional@1.0.0
69 silly idealTree:prePrune ├── resolve-from@2.0.0
69 silly idealTree:prePrune ├── resolve@1.1.7
69 silly idealTree:prePrune ├── right-align@0.1.3
69 silly idealTree:prePrune ├── rimraf@2.2.8
69 silly idealTree:prePrune ├── semver-diff@2.1.0
69 silly idealTree:prePrune ├── semver@5.3.0
69 silly idealTree:prePrune ├── send@0.14.1
69 silly idealTree:prePrune ├── serve-static@1.11.1
69 silly idealTree:prePrune ├── set-immediate-shim@1.0.1
69 silly idealTree:prePrune ├── setprototypeof@1.0.1
69 silly idealTree:prePrune ├── signal-exit@3.0.0
69 silly idealTree:prePrune ├── sliced@1.0.1
69 silly idealTree:prePrune ├── slide@1.1.6
69 silly idealTree:prePrune ├── source-map@0.4.4
69 silly idealTree:prePrune ├── spdx-correct@1.0.2
69 silly idealTree:prePrune ├── spdx-expression-parse@1.0.3
69 silly idealTree:prePrune ├── spdx-license-ids@1.2.2
69 silly idealTree:prePrune ├── split@0.3.3
69 silly idealTree:prePrune ├── split2@1.1.1
69 silly idealTree:prePrune ├── sprintf-js@1.0.3
69 silly idealTree:prePrune ├── statuses@1.3.0
69 silly idealTree:prePrune ├── stream-combiner@0.0.4
69 silly idealTree:prePrune ├── stream-shift@1.0.0
69 silly idealTree:prePrune ├── string_decoder@0.10.31
69 silly idealTree:prePrune ├── string-length@1.0.1
69 silly idealTree:prePrune ├── strip-ansi@3.0.1
69 silly idealTree:prePrune ├── strip-bom@2.0.0
69 silly idealTree:prePrune ├── strip-indent@1.0.1
69 silly idealTree:prePrune ├── strip-json-comments@1.0.4
69 silly idealTree:prePrune ├── supports-color@2.0.0
69 silly idealTree:prePrune ├── through@2.3.8
69 silly idealTree:prePrune ├─┬ through2@2.0.1
69 silly idealTree:prePrune │ ├── isarray@1.0.0
69 silly idealTree:prePrune │ └── readable-stream@2.0.6
69 silly idealTree:prePrune ├── timed-out@2.0.0
69 silly idealTree:prePrune ├─┬ tiny-lr@0.2.1
69 silly idealTree:prePrune │ ├─┬ body-parser@1.14.2
69 silly idealTree:prePrune │ │ └── qs@5.2.0
69 silly idealTree:prePrune │ ├── bytes@2.2.0
69 silly idealTree:prePrune │ ├── http-errors@1.3.1
69 silly idealTree:prePrune │ └── qs@5.1.0
69 silly idealTree:prePrune ├── token-stream@0.0.1
69 silly idealTree:prePrune ├── touch@1.0.0
69 silly idealTree:prePrune ├─┬ transformers@2.1.0
69 silly idealTree:prePrune │ ├── is-promise@1.0.1
69 silly idealTree:prePrune │ ├── promise@2.0.0
69 silly idealTree:prePrune │ ├── source-map@0.1.43
69 silly idealTree:prePrune │ └── uglify-js@2.2.5
69 silly idealTree:prePrune ├── trim-newlines@1.0.0
69 silly idealTree:prePrune ├── type-is@1.6.13
69 silly idealTree:prePrune ├─┬ uglify-js@2.7.3
69 silly idealTree:prePrune │ └── source-map@0.5.6
69 silly idealTree:prePrune ├── uglify-to-browserify@1.0.2
69 silly idealTree:prePrune ├── undefsafe@0.0.3
69 silly idealTree:prePrune ├── underscore.string@3.2.3
69 silly idealTree:prePrune ├── underscore@1.8.3
69 silly idealTree:prePrune ├── unpipe@1.0.0
69 silly idealTree:prePrune ├── update-notifier@0.5.0
69 silly idealTree:prePrune ├── util-deprecate@1.0.2
69 silly idealTree:prePrune ├── utils-merge@1.0.0
69 silly idealTree:prePrune ├── uuid@2.0.2
69 silly idealTree:prePrune ├── validate-npm-package-license@3.0.1
69 silly idealTree:prePrune ├── vary@1.1.0
69 silly idealTree:prePrune ├── void-elements@2.0.1
69 silly idealTree:prePrune ├── websocket-driver@0.6.5
69 silly idealTree:prePrune ├── websocket-extensions@0.1.1
69 silly idealTree:prePrune ├── which@1.2.10
69 silly idealTree:prePrune ├── window-size@0.1.0
69 silly idealTree:prePrune ├─┬ with@4.0.3
69 silly idealTree:prePrune │ └── acorn@1.2.2
69 silly idealTree:prePrune ├── wordwrap@0.0.3
69 silly idealTree:prePrune ├── wrappy@1.0.2
69 silly idealTree:prePrune ├── write-file-atomic@1.2.0
69 silly idealTree:prePrune ├── xdg-basedir@2.0.0
69 silly idealTree:prePrune ├── xtend@4.0.1
69 silly idealTree:prePrune └── yargs@3.10.0
70 silly loadIdealTree Finishing
71 silly currentTree imooc@1.0.0
71 silly currentTree ├── abbrev@1.0.9
71 silly currentTree ├── accepts@1.3.3
71 silly currentTree ├─┬ acorn-globals@1.0.9
71 silly currentTree │ └── acorn@2.7.0
71 silly currentTree ├── acorn@3.3.0
71 silly currentTree ├── align-text@0.1.4
71 silly currentTree ├── amdefine@1.0.0
71 silly currentTree ├── ansi-regex@2.0.0
71 silly currentTree ├── ansi-styles@2.2.1
71 silly currentTree ├── anymatch@1.3.0
71 silly currentTree ├── argparse@1.0.7
71 silly currentTree ├── arr-diff@2.0.0
71 silly currentTree ├── arr-flatten@1.0.1
71 silly currentTree ├── array-find-index@1.0.1
71 silly currentTree ├── array-flatten@1.1.1
71 silly currentTree ├── array-unique@0.2.1
71 silly currentTree ├── arrify@1.0.1
71 silly currentTree ├── asap@1.0.0
71 silly currentTree ├── async-each@1.0.1
71 silly currentTree ├── async@0.2.10
71 silly currentTree ├── balanced-match@0.4.2
71 silly currentTree ├─┬ bcrypt@0.8.7
71 silly currentTree │ └── nan@2.3.5
71 silly currentTree ├── binary-extensions@1.5.0
71 silly currentTree ├── bluebird@2.10.2
71 silly currentTree ├── body-parser@1.15.2
71 silly currentTree ├── brace-expansion@1.1.6
71 silly currentTree ├── braces@1.8.5
71 silly currentTree ├── bson@0.4.23
71 silly currentTree ├── buffer-shims@1.0.0
71 silly currentTree ├── builtin-modules@1.1.1
71 silly currentTree ├── bytes@2.4.0
71 silly currentTree ├─┬ camelcase-keys@2.1.0
71 silly currentTree │ └── camelcase@2.1.1
71 silly currentTree ├── camelcase@1.2.1
71 silly currentTree ├── center-align@0.1.3
71 silly currentTree ├── chalk@1.1.3
71 silly currentTree ├── character-parser@1.2.1
71 silly currentTree ├── chokidar@1.6.0
71 silly currentTree ├─┬ clean-css@3.4.19
71 silly currentTree │ └── commander@2.8.1
71 silly currentTree ├─┬ cliui@2.1.0
71 silly currentTree │ └── wordwrap@0.0.2
71 silly currentTree ├── coffee-script@1.10.0
71 silly currentTree ├── colors@1.1.2
71 silly currentTree ├── commander@2.6.0
71 silly currentTree ├── concat-map@0.0.1
71 silly currentTree ├── configstore@1.4.0
71 silly currentTree ├── constantinople@3.1.0
71 silly currentTree ├── content-disposition@0.5.1
71 silly currentTree ├── content-type@1.0.2
71 silly currentTree ├── cookie-signature@1.0.6
71 silly currentTree ├── cookie@0.3.1
71 silly currentTree ├── core-util-is@1.0.2
71 silly currentTree ├── css-parse@1.0.4
71 silly currentTree ├── css-stringify@1.0.5
71 silly currentTree ├── css@1.0.8
71 silly currentTree ├── currently-unhandled@0.4.1
71 silly currentTree ├── dateformat@1.0.12
71 silly currentTree ├── debug@2.2.0
71 silly currentTree ├── decamelize@1.2.0
71 silly currentTree ├── deep-extend@0.4.1
71 silly currentTree ├── depd@1.1.0
71 silly currentTree ├── destroy@1.0.4
71 silly currentTree ├── doctypes@1.1.0
71 silly currentTree ├── duplexer@0.1.1
71 silly currentTree ├─┬ duplexify@3.4.5
71 silly currentTree │ ├── isarray@1.0.0
71 silly currentTree │ └── readable-stream@2.1.5
71 silly currentTree ├── ee-first@1.1.1
71 silly currentTree ├── encodeurl@1.0.1
71 silly currentTree ├── end-of-stream@1.0.0
71 silly currentTree ├── error-ex@1.3.0
71 silly currentTree ├── es6-promise@3.2.1
71 silly currentTree ├── escape-html@1.0.3
71 silly currentTree ├── escape-string-regexp@1.0.5
71 silly currentTree ├── esprima@2.7.3
71 silly currentTree ├── etag@1.7.0
71 silly currentTree ├── event-stream@3.3.4
71 silly currentTree ├── eventemitter2@0.4.14
71 silly currentTree ├── exit@0.1.2
71 silly currentTree ├── expand-brackets@0.1.5
71 silly currentTree ├── expand-range@1.8.2
71 silly currentTree ├── express@4.14.0
71 silly currentTree ├── extglob@0.3.2
71 silly currentTree ├── faye-websocket@0.10.0
71 silly currentTree ├── filename-regex@2.0.0
71 silly currentTree ├── fill-range@2.2.3
71 silly currentTree ├── finalhandler@0.5.0
71 silly currentTree ├── find-up@1.1.2
71 silly currentTree ├─┬ findup-sync@0.3.0
71 silly currentTree │ └── glob@5.0.15
71 silly currentTree ├── for-in@0.1.5
71 silly currentTree ├── for-own@0.1.4
71 silly currentTree ├── forwarded@0.1.0
71 silly currentTree ├── fresh@0.3.0
71 silly currentTree ├── from@0.1.3
71 silly currentTree ├── fs.realpath@1.0.0
71 silly currentTree ├── gaze@1.1.1
71 silly currentTree ├── get-stdin@4.0.1
71 silly currentTree ├── getobject@0.1.0
71 silly currentTree ├── glob-base@0.3.0
71 silly currentTree ├── glob-parent@2.0.0
71 silly currentTree ├── glob@7.0.6
71 silly currentTree ├─┬ globule@1.0.0
71 silly currentTree │ └── lodash@4.9.0
71 silly currentTree ├─┬ got@3.3.1
71 silly currentTree │ └── object-assign@3.0.0
71 silly currentTree ├── graceful-fs@4.1.6
71 silly currentTree ├── graceful-readlink@1.0.1
71 silly currentTree ├─┬ grunt-concurrent@2.3.1
71 silly currentTree │ └── async@1.5.2
71 silly currentTree ├─┬ grunt-contrib-watch@1.0.0
71 silly currentTree │ └── async@1.5.2
71 silly currentTree ├── grunt-known-options@1.1.0
71 silly currentTree ├─┬ grunt-legacy-log-utils@1.0.0
71 silly currentTree │ └── lodash@4.3.0
71 silly currentTree ├── grunt-legacy-log@1.0.0
71 silly currentTree ├─┬ grunt-legacy-util@1.0.0
71 silly currentTree │ ├── async@1.5.2
71 silly currentTree │ └── lodash@4.3.0
71 silly currentTree ├── grunt-nodemon@0.4.2
71 silly currentTree ├─┬ grunt@1.0.1
71 silly currentTree │ ├── grunt-cli@1.2.0
71 silly currentTree │ └── nopt@3.0.6
71 silly currentTree ├── has-ansi@2.0.0
71 silly currentTree ├── hooker@0.2.3
71 silly currentTree ├── hooks-fixed@1.2.0
71 silly currentTree ├── hosted-git-info@2.1.5
71 silly currentTree ├── http-errors@1.5.0
71 silly currentTree ├── iconv-lite@0.4.13
71 silly currentTree ├── ignore-by-default@1.0.1
71 silly currentTree ├── imurmurhash@0.1.4
71 silly currentTree ├─┬ indent-string@2.1.0
71 silly currentTree │ └── repeating@2.0.1
71 silly currentTree ├── infinity-agent@2.0.3
71 silly currentTree ├── inflight@1.0.5
71 silly currentTree ├── inherits@2.0.1
71 silly currentTree ├── ini@1.3.4
71 silly currentTree ├── ipaddr.js@1.1.1
71 silly currentTree ├── is-arrayish@0.2.1
71 silly currentTree ├── is-binary-path@1.0.1
71 silly currentTree ├── is-buffer@1.1.4
71 silly currentTree ├── is-builtin-module@1.0.0
71 silly currentTree ├── is-dotfile@1.0.2
71 silly currentTree ├── is-equal-shallow@0.1.3
71 silly currentTree ├── is-expression@2.1.0
71 silly currentTree ├── is-extendable@0.1.1
71 silly currentTree ├── is-extglob@1.0.0
71 silly currentTree ├── is-finite@1.0.1
71 silly currentTree ├── is-glob@2.0.1
71 silly currentTree ├── is-npm@1.0.0
71 silly currentTree ├── is-number@2.1.0
71 silly currentTree ├── is-posix-bracket@0.1.1
71 silly currentTree ├── is-primitive@2.0.0
71 silly currentTree ├── is-promise@2.1.0
71 silly currentTree ├── is-redirect@1.0.0
71 silly currentTree ├── is-regex@1.0.3
71 silly currentTree ├── is-stream@1.1.0
71 silly currentTree ├── is-utf8@0.2.1
71 silly currentTree ├── isarray@0.0.1
71 silly currentTree ├── isexe@1.1.2
71 silly currentTree ├─┬ isobject@2.1.0
71 silly currentTree │ └── isarray@1.0.0
71 silly currentTree ├─┬ jade@1.11.0
71 silly currentTree │ ├── acorn@2.7.0
71 silly currentTree │ └── constantinople@3.0.2
71 silly currentTree ├── js-stringify@1.0.2
71 silly currentTree ├── js-yaml@3.5.5
71 silly currentTree ├── jstransformer@0.0.2
71 silly currentTree ├── kareem@1.1.3
71 silly currentTree ├── kind-of@3.0.4
71 silly currentTree ├── latest-version@1.0.1
71 silly currentTree ├── lazy-cache@1.0.4
71 silly currentTree ├── livereload-js@2.2.2
71 silly currentTree ├── load-json-file@1.1.0
71 silly currentTree ├── lodash._baseassign@3.2.0
71 silly currentTree ├── lodash._basecopy@3.0.1
71 silly currentTree ├── lodash._bindcallback@3.0.1
71 silly currentTree ├── lodash._createassigner@3.1.1
71 silly currentTree ├── lodash._getnative@3.9.1
71 silly currentTree ├── lodash._isiterateecall@3.0.9
71 silly currentTree ├── lodash.assign@3.2.0
71 silly currentTree ├── lodash.defaults@3.1.2
71 silly currentTree ├── lodash.isarguments@3.1.0
71 silly currentTree ├── lodash.isarray@3.0.4
71 silly currentTree ├── lodash.keys@3.1.2
71 silly currentTree ├── lodash.restparam@3.6.1
71 silly currentTree ├── lodash@3.10.1
71 silly currentTree ├── longest@1.0.1
71 silly currentTree ├── loud-rejection@1.6.0
71 silly currentTree ├── lowercase-keys@1.0.0
71 silly currentTree ├── map-obj@1.0.1
71 silly currentTree ├── map-stream@0.1.0
71 silly currentTree ├── media-typer@0.3.0
71 silly currentTree ├─┬ meow@3.7.0
71 silly currentTree │ └── minimist@1.2.0
71 silly currentTree ├── merge-descriptors@1.0.1
71 silly currentTree ├── methods@1.1.2
71 silly currentTree ├── micromatch@2.3.11
71 silly currentTree ├── mime-db@1.23.0
71 silly currentTree ├── mime-types@2.1.11
71 silly currentTree ├── mime@1.3.4
71 silly currentTree ├── minimatch@3.0.3
71 silly currentTree ├── minimist@0.0.8
71 silly currentTree ├── mkdirp@0.5.1
71 silly currentTree ├── moment@2.14.1
71 silly currentTree ├── mongodb-core@1.3.18
71 silly currentTree ├─┬ mongodb@2.1.18
71 silly currentTree │ └── es6-promise@3.0.2
71 silly currentTree ├─┬ mongoose@4.5.9
71 silly currentTree │ └── async@1.5.2
71 silly currentTree ├── mpath@0.2.1
71 silly currentTree ├── mpromise@0.5.5
71 silly currentTree ├─┬ mquery@1.11.0
71 silly currentTree │ └── sliced@0.0.5
71 silly currentTree ├── ms@0.7.1
71 silly currentTree ├── muri@1.1.0
71 silly currentTree ├── negotiator@0.6.1
71 silly currentTree ├── nested-error-stacks@1.0.2
71 silly currentTree ├── nodemon@1.10.2
71 silly currentTree ├── nopt@1.0.10
71 silly currentTree ├── normalize-package-data@2.3.5
71 silly currentTree ├── normalize-path@2.0.1
71 silly currentTree ├── number-is-nan@1.0.0
71 silly currentTree ├── object-assign@4.1.0
71 silly currentTree ├── object.omit@2.0.0
71 silly currentTree ├── on-finished@2.3.0
71 silly currentTree ├── once@1.3.3
71 silly currentTree ├── optimist@0.3.7
71 silly currentTree ├── os-homedir@1.0.1
71 silly currentTree ├── os-tmpdir@1.0.1
71 silly currentTree ├── osenv@0.1.3
71 silly currentTree ├── package-json@1.2.0
71 silly currentTree ├─┬ pad-stream@1.2.0
71 silly currentTree │ └── repeating@2.0.1
71 silly currentTree ├── parse-glob@3.0.4
71 silly currentTree ├── parse-json@2.2.0
71 silly currentTree ├── parseurl@1.3.1
71 silly currentTree ├── path-exists@2.1.0
71 silly currentTree ├── path-is-absolute@1.0.0
71 silly currentTree ├── path-to-regexp@0.1.7
71 silly currentTree ├── path-type@1.1.0
71 silly currentTree ├── pause-stream@0.0.11
71 silly currentTree ├── pify@2.3.0
71 silly currentTree ├── pinkie-promise@2.0.1
71 silly currentTree ├── pinkie@2.0.4
71 silly currentTree ├── prepend-http@1.0.4
71 silly currentTree ├── preserve@0.2.0
71 silly currentTree ├── process-nextick-args@1.0.7
71 silly currentTree ├── promise@6.1.0
71 silly currentTree ├── proxy-addr@1.1.2
71 silly currentTree ├── ps-tree@1.1.0
71 silly currentTree ├── pug-attrs@0.0.0
71 silly currentTree ├─┬ pug-code-gen@0.0.0
71 silly currentTree │ ├── acorn-globals@3.0.0
71 silly currentTree │ └── with@5.1.1
71 silly currentTree ├── pug-error@0.0.0
71 silly currentTree ├─┬ pug-filters@1.1.0
71 silly currentTree │ ├── asap@2.0.4
71 silly currentTree │ ├── jstransformer@0.0.3
71 silly currentTree │ └── promise@7.1.1
71 silly currentTree ├─┬ pug-lexer@0.0.0
71 silly currentTree │ ├── acorn@2.7.0
71 silly currentTree │ ├── character-parser@2.2.0
71 silly currentTree │ └── is-expression@1.0.2
71 silly currentTree ├── pug-linker@0.0.0
71 silly currentTree ├── pug-loader@0.0.0
71 silly currentTree ├── pug-parser@0.0.0
71 silly currentTree ├── pug-runtime@0.0.0
71 silly currentTree ├── pug-strip-comments@0.0.1
71 silly currentTree ├── pug-walk@0.0.0
71 silly currentTree ├── pug@0.1.0
71 silly currentTree ├─┬ pump@1.0.1
71 silly currentTree │ └── end-of-stream@1.1.0
71 silly currentTree ├── pumpify@1.3.5
71 silly currentTree ├── qs@6.2.0
71 silly currentTree ├── randomatic@1.1.5
71 silly currentTree ├── range-parser@1.2.0
71 silly currentTree ├── raw-body@2.1.7
71 silly currentTree ├─┬ rc@1.1.6
71 silly currentTree │ └── minimist@1.2.0
71 silly currentTree ├─┬ read-all-stream@3.1.0
71 silly currentTree │ ├── isarray@1.0.0
71 silly currentTree │ └── readable-stream@2.1.5
71 silly currentTree ├── read-pkg-up@1.0.1
71 silly currentTree ├── read-pkg@1.1.0
71 silly currentTree ├── readable-stream@1.0.31
71 silly currentTree ├─┬ readdirp@2.1.0
71 silly currentTree │ ├── isarray@1.0.0
71 silly currentTree │ └── readable-stream@2.1.5
71 silly currentTree ├── redent@1.0.0
71 silly currentTree ├── regex-cache@0.4.3
71 silly currentTree ├── regexp-clone@0.0.1
71 silly currentTree ├── registry-url@3.1.0
71 silly currentTree ├── repeat-element@1.1.2
71 silly currentTree ├── repeat-string@1.5.4
71 silly currentTree ├── repeating@1.1.3
71 silly currentTree ├── require_optional@1.0.0
71 silly currentTree ├── resolve-from@2.0.0
71 silly currentTree ├── resolve@1.1.7
71 silly currentTree ├── right-align@0.1.3
71 silly currentTree ├── rimraf@2.2.8
71 silly currentTree ├── semver-diff@2.1.0
71 silly currentTree ├── semver@5.3.0
71 silly currentTree ├── send@0.14.1
71 silly currentTree ├── serve-static@1.11.1
71 silly currentTree ├── set-immediate-shim@1.0.1
71 silly currentTree ├── setprototypeof@1.0.1
71 silly currentTree ├── signal-exit@3.0.0
71 silly currentTree ├── sliced@1.0.1
71 silly currentTree ├── slide@1.1.6
71 silly currentTree ├── source-map@0.4.4
71 silly currentTree ├── spdx-correct@1.0.2
71 silly currentTree ├── spdx-expression-parse@1.0.3
71 silly currentTree ├── spdx-license-ids@1.2.2
71 silly currentTree ├── split@0.3.3
71 silly currentTree ├── split2@1.1.1
71 silly currentTree ├── sprintf-js@1.0.3
71 silly currentTree ├── statuses@1.3.0
71 silly currentTree ├── stream-combiner@0.0.4
71 silly currentTree ├── stream-shift@1.0.0
71 silly currentTree ├── string_decoder@0.10.31
71 silly currentTree ├── string-length@1.0.1
71 silly currentTree ├── strip-ansi@3.0.1
71 silly currentTree ├── strip-bom@2.0.0
71 silly currentTree ├── strip-indent@1.0.1
71 silly currentTree ├── strip-json-comments@1.0.4
71 silly currentTree ├── supports-color@2.0.0
71 silly currentTree ├── through@2.3.8
71 silly currentTree ├─┬ through2@2.0.1
71 silly currentTree │ ├── isarray@1.0.0
71 silly currentTree │ └── readable-stream@2.0.6
71 silly currentTree ├── timed-out@2.0.0
71 silly currentTree ├─┬ tiny-lr@0.2.1
71 silly currentTree │ ├─┬ body-parser@1.14.2
71 silly currentTree │ │ └── qs@5.2.0
71 silly currentTree │ ├── bytes@2.2.0
71 silly currentTree │ ├── http-errors@1.3.1
71 silly currentTree │ └── qs@5.1.0
71 silly currentTree ├── token-stream@0.0.1
71 silly currentTree ├── touch@1.0.0
71 silly currentTree ├─┬ transformers@2.1.0
71 silly currentTree │ ├── is-promise@1.0.1
71 silly currentTree │ ├── promise@2.0.0
71 silly currentTree │ ├── source-map@0.1.43
71 silly currentTree │ └── uglify-js@2.2.5
71 silly currentTree ├── trim-newlines@1.0.0
71 silly currentTree ├── type-is@1.6.13
71 silly currentTree ├─┬ uglify-js@2.7.3
71 silly currentTree │ └── source-map@0.5.6
71 silly currentTree ├── uglify-to-browserify@1.0.2
71 silly currentTree ├── undefsafe@0.0.3
71 silly currentTree ├── underscore.string@3.2.3
71 silly currentTree ├── underscore@1.8.3
71 silly currentTree ├── unpipe@1.0.0
71 silly currentTree ├── update-notifier@0.5.0
71 silly currentTree ├── util-deprecate@1.0.2
71 silly currentTree ├── utils-merge@1.0.0
71 silly currentTree ├── uuid@2.0.2
71 silly currentTree ├── validate-npm-package-license@3.0.1
71 silly currentTree ├── vary@1.1.0
71 silly currentTree ├── void-elements@2.0.1
71 silly currentTree ├── websocket-driver@0.6.5
71 silly currentTree ├── websocket-extensions@0.1.1
71 silly currentTree ├── which@1.2.10
71 silly currentTree ├── window-size@0.1.0
71 silly currentTree ├─┬ with@4.0.3
71 silly currentTree │ └── acorn@1.2.2
71 silly currentTree ├── wordwrap@0.0.3
71 silly currentTree ├── wrappy@1.0.2
71 silly currentTree ├── write-file-atomic@1.2.0
71 silly currentTree ├── xdg-basedir@2.0.0
71 silly currentTree ├── xtend@4.0.1
71 silly currentTree └── yargs@3.10.0
72 silly idealTree imooc@1.0.0
72 silly idealTree ├── abbrev@1.0.9
72 silly idealTree ├── accepts@1.3.3
72 silly idealTree ├─┬ acorn-globals@1.0.9
72 silly idealTree │ └── acorn@2.7.0
72 silly idealTree ├── acorn@3.3.0
72 silly idealTree ├── align-text@0.1.4
72 silly idealTree ├── amdefine@1.0.0
72 silly idealTree ├── ansi-regex@2.0.0
72 silly idealTree ├── ansi-styles@2.2.1
72 silly idealTree ├── anymatch@1.3.0
72 silly idealTree ├── argparse@1.0.7
72 silly idealTree ├── arr-diff@2.0.0
72 silly idealTree ├── arr-flatten@1.0.1
72 silly idealTree ├── array-find-index@1.0.1
72 silly idealTree ├── array-flatten@1.1.1
72 silly idealTree ├── array-unique@0.2.1
72 silly idealTree ├── arrify@1.0.1
72 silly idealTree ├── asap@1.0.0
72 silly idealTree ├── async-each@1.0.1
72 silly idealTree ├── async@0.2.10
72 silly idealTree ├── balanced-match@0.4.2
72 silly idealTree ├─┬ bcrypt@0.8.7
72 silly idealTree │ └── nan@2.3.5
72 silly idealTree ├── binary-extensions@1.5.0
72 silly idealTree ├── bindings@1.2.1
72 silly idealTree ├── bluebird@2.10.2
72 silly idealTree ├── body-parser@1.15.2
72 silly idealTree ├── brace-expansion@1.1.6
72 silly idealTree ├── braces@1.8.5
72 silly idealTree ├── bson@0.4.23
72 silly idealTree ├── buffer-shims@1.0.0
72 silly idealTree ├── builtin-modules@1.1.1
72 silly idealTree ├── bytes@2.4.0
72 silly idealTree ├─┬ camelcase-keys@2.1.0
72 silly idealTree │ └── camelcase@2.1.1
72 silly idealTree ├── camelcase@1.2.1
72 silly idealTree ├── center-align@0.1.3
72 silly idealTree ├── chalk@1.1.3
72 silly idealTree ├── character-parser@1.2.1
72 silly idealTree ├── chokidar@1.6.0
72 silly idealTree ├─┬ clean-css@3.4.19
72 silly idealTree │ └── commander@2.8.1
72 silly idealTree ├─┬ cliui@2.1.0
72 silly idealTree │ └── wordwrap@0.0.2
72 silly idealTree ├── coffee-script@1.10.0
72 silly idealTree ├── colors@1.1.2
72 silly idealTree ├── commander@2.6.0
72 silly idealTree ├── concat-map@0.0.1
72 silly idealTree ├── configstore@1.4.0
72 silly idealTree ├── constantinople@3.1.0
72 silly idealTree ├── content-disposition@0.5.1
72 silly idealTree ├── content-type@1.0.2
72 silly idealTree ├── cookie-signature@1.0.6
72 silly idealTree ├── cookie@0.3.1
72 silly idealTree ├── core-util-is@1.0.2
72 silly idealTree ├── css-parse@1.0.4
72 silly idealTree ├── css-stringify@1.0.5
72 silly idealTree ├── css@1.0.8
72 silly idealTree ├── currently-unhandled@0.4.1
72 silly idealTree ├── dateformat@1.0.12
72 silly idealTree ├── debug@2.2.0
72 silly idealTree ├── decamelize@1.2.0
72 silly idealTree ├── deep-extend@0.4.1
72 silly idealTree ├── depd@1.1.0
72 silly idealTree ├── destroy@1.0.4
72 silly idealTree ├── doctypes@1.1.0
72 silly idealTree ├── duplexer@0.1.1
72 silly idealTree ├─┬ duplexify@3.4.5
72 silly idealTree │ ├── isarray@1.0.0
72 silly idealTree │ └── readable-stream@2.1.5
72 silly idealTree ├── ee-first@1.1.1
72 silly idealTree ├── encodeurl@1.0.1
72 silly idealTree ├── end-of-stream@1.0.0
72 silly idealTree ├── error-ex@1.3.0
72 silly idealTree ├── es6-promise@3.2.1
72 silly idealTree ├── escape-html@1.0.3
72 silly idealTree ├── escape-string-regexp@1.0.5
72 silly idealTree ├── esprima@2.7.3
72 silly idealTree ├── etag@1.7.0
72 silly idealTree ├── event-stream@3.3.4
72 silly idealTree ├── eventemitter2@0.4.14
72 silly idealTree ├── exit@0.1.2
72 silly idealTree ├── expand-brackets@0.1.5
72 silly idealTree ├── expand-range@1.8.2
72 silly idealTree ├── express@4.14.0
72 silly idealTree ├── extglob@0.3.2
72 silly idealTree ├── faye-websocket@0.10.0
72 silly idealTree ├── filename-regex@2.0.0
72 silly idealTree ├── fill-range@2.2.3
72 silly idealTree ├── finalhandler@0.5.0
72 silly idealTree ├── find-up@1.1.2
72 silly idealTree ├─┬ findup-sync@0.3.0
72 silly idealTree │ └── glob@5.0.15
72 silly idealTree ├── for-in@0.1.5
72 silly idealTree ├── for-own@0.1.4
72 silly idealTree ├── forwarded@0.1.0
72 silly idealTree ├── fresh@0.3.0
72 silly idealTree ├── from@0.1.3
72 silly idealTree ├── fs.realpath@1.0.0
72 silly idealTree ├── gaze@1.1.1
72 silly idealTree ├── get-stdin@4.0.1
72 silly idealTree ├── getobject@0.1.0
72 silly idealTree ├── glob-base@0.3.0
72 silly idealTree ├── glob-parent@2.0.0
72 silly idealTree ├── glob@7.0.6
72 silly idealTree ├─┬ globule@1.0.0
72 silly idealTree │ └── lodash@4.9.0
72 silly idealTree ├─┬ got@3.3.1
72 silly idealTree │ └── object-assign@3.0.0
72 silly idealTree ├── graceful-fs@4.1.6
72 silly idealTree ├── graceful-readlink@1.0.1
72 silly idealTree ├─┬ grunt-concurrent@2.3.1
72 silly idealTree │ └── async@1.5.2
72 silly idealTree ├─┬ grunt-contrib-watch@1.0.0
72 silly idealTree │ └── async@1.5.2
72 silly idealTree ├── grunt-known-options@1.1.0
72 silly idealTree ├─┬ grunt-legacy-log-utils@1.0.0
72 silly idealTree │ └── lodash@4.3.0
72 silly idealTree ├── grunt-legacy-log@1.0.0
72 silly idealTree ├─┬ grunt-legacy-util@1.0.0
72 silly idealTree │ ├── async@1.5.2
72 silly idealTree │ └── lodash@4.3.0
72 silly idealTree ├── grunt-nodemon@0.4.2
72 silly idealTree ├─┬ grunt@1.0.1
72 silly idealTree │ ├── grunt-cli@1.2.0
72 silly idealTree │ └── nopt@3.0.6
72 silly idealTree ├── has-ansi@2.0.0
72 silly idealTree ├── hooker@0.2.3
72 silly idealTree ├── hooks-fixed@1.2.0
72 silly idealTree ├── hosted-git-info@2.1.5
72 silly idealTree ├── http-errors@1.5.0
72 silly idealTree ├── iconv-lite@0.4.13
72 silly idealTree ├── ignore-by-default@1.0.1
72 silly idealTree ├── imurmurhash@0.1.4
72 silly idealTree ├─┬ indent-string@2.1.0
72 silly idealTree │ └── repeating@2.0.1
72 silly idealTree ├── infinity-agent@2.0.3
72 silly idealTree ├── inflight@1.0.5
72 silly idealTree ├── inherits@2.0.1
72 silly idealTree ├── ini@1.3.4
72 silly idealTree ├── ipaddr.js@1.1.1
72 silly idealTree ├── is-arrayish@0.2.1
72 silly idealTree ├── is-binary-path@1.0.1
72 silly idealTree ├── is-buffer@1.1.4
72 silly idealTree ├── is-builtin-module@1.0.0
72 silly idealTree ├── is-dotfile@1.0.2
72 silly idealTree ├── is-equal-shallow@0.1.3
72 silly idealTree ├── is-expression@2.1.0
72 silly idealTree ├── is-extendable@0.1.1
72 silly idealTree ├── is-extglob@1.0.0
72 silly idealTree ├── is-finite@1.0.1
72 silly idealTree ├── is-glob@2.0.1
72 silly idealTree ├── is-npm@1.0.0
72 silly idealTree ├── is-number@2.1.0
72 silly idealTree ├── is-posix-bracket@0.1.1
72 silly idealTree ├── is-primitive@2.0.0
72 silly idealTree ├── is-promise@2.1.0
72 silly idealTree ├── is-redirect@1.0.0
72 silly idealTree ├── is-regex@1.0.3
72 silly idealTree ├── is-stream@1.1.0
72 silly idealTree ├── is-utf8@0.2.1
72 silly idealTree ├── isarray@0.0.1
72 silly idealTree ├── isexe@1.1.2
72 silly idealTree ├─┬ isobject@2.1.0
72 silly idealTree │ └── isarray@1.0.0
72 silly idealTree ├─┬ jade@1.11.0
72 silly idealTree │ ├── acorn@2.7.0
72 silly idealTree │ └── constantinople@3.0.2
72 silly idealTree ├── js-stringify@1.0.2
72 silly idealTree ├── js-yaml@3.5.5
72 silly idealTree ├── jstransformer@0.0.2
72 silly idealTree ├── kareem@1.1.3
72 silly idealTree ├── kind-of@3.0.4
72 silly idealTree ├── latest-version@1.0.1
72 silly idealTree ├── lazy-cache@1.0.4
72 silly idealTree ├── livereload-js@2.2.2
72 silly idealTree ├── load-json-file@1.1.0
72 silly idealTree ├── lodash._baseassign@3.2.0
72 silly idealTree ├── lodash._basecopy@3.0.1
72 silly idealTree ├── lodash._bindcallback@3.0.1
72 silly idealTree ├── lodash._createassigner@3.1.1
72 silly idealTree ├── lodash._getnative@3.9.1
72 silly idealTree ├── lodash._isiterateecall@3.0.9
72 silly idealTree ├── lodash.assign@3.2.0
72 silly idealTree ├── lodash.defaults@3.1.2
72 silly idealTree ├── lodash.isarguments@3.1.0
72 silly idealTree ├── lodash.isarray@3.0.4
72 silly idealTree ├── lodash.keys@3.1.2
72 silly idealTree ├── lodash.restparam@3.6.1
72 silly idealTree ├── lodash@3.10.1
72 silly idealTree ├── longest@1.0.1
72 silly idealTree ├── loud-rejection@1.6.0
72 silly idealTree ├── lowercase-keys@1.0.0
72 silly idealTree ├── map-obj@1.0.1
72 silly idealTree ├── map-stream@0.1.0
72 silly idealTree ├── media-typer@0.3.0
72 silly idealTree ├─┬ meow@3.7.0
72 silly idealTree │ └── minimist@1.2.0
72 silly idealTree ├── merge-descriptors@1.0.1
72 silly idealTree ├── methods@1.1.2
72 silly idealTree ├── micromatch@2.3.11
72 silly idealTree ├── mime-db@1.23.0
72 silly idealTree ├── mime-types@2.1.11
72 silly idealTree ├── mime@1.3.4
72 silly idealTree ├── minimatch@3.0.3
72 silly idealTree ├── minimist@0.0.8
72 silly idealTree ├── mkdirp@0.5.1
72 silly idealTree ├── moment@2.14.1
72 silly idealTree ├── mongodb-core@1.3.18
72 silly idealTree ├─┬ mongodb@2.1.18
72 silly idealTree │ └── es6-promise@3.0.2
72 silly idealTree ├─┬ mongoose@4.5.9
72 silly idealTree │ └── async@1.5.2
72 silly idealTree ├── mpath@0.2.1
72 silly idealTree ├── mpromise@0.5.5
72 silly idealTree ├─┬ mquery@1.11.0
72 silly idealTree │ └── sliced@0.0.5
72 silly idealTree ├── ms@0.7.1
72 silly idealTree ├── muri@1.1.0
72 silly idealTree ├── negotiator@0.6.1
72 silly idealTree ├── nested-error-stacks@1.0.2
72 silly idealTree ├── nodemon@1.10.2
72 silly idealTree ├── nopt@1.0.10
72 silly idealTree ├── normalize-package-data@2.3.5
72 silly idealTree ├── normalize-path@2.0.1
72 silly idealTree ├── number-is-nan@1.0.0
72 silly idealTree ├── object-assign@4.1.0
72 silly idealTree ├── object.omit@2.0.0
72 silly idealTree ├── on-finished@2.3.0
72 silly idealTree ├── once@1.3.3
72 silly idealTree ├── optimist@0.3.7
72 silly idealTree ├── os-homedir@1.0.1
72 silly idealTree ├── os-tmpdir@1.0.1
72 silly idealTree ├── osenv@0.1.3
72 silly idealTree ├── package-json@1.2.0
72 silly idealTree ├─┬ pad-stream@1.2.0
72 silly idealTree │ └── repeating@2.0.1
72 silly idealTree ├── parse-glob@3.0.4
72 silly idealTree ├── parse-json@2.2.0
72 silly idealTree ├── parseurl@1.3.1
72 silly idealTree ├── path-exists@2.1.0
72 silly idealTree ├── path-is-absolute@1.0.0
72 silly idealTree ├── path-to-regexp@0.1.7
72 silly idealTree ├── path-type@1.1.0
72 silly idealTree ├── pause-stream@0.0.11
72 silly idealTree ├── pify@2.3.0
72 silly idealTree ├── pinkie-promise@2.0.1
72 silly idealTree ├── pinkie@2.0.4
72 silly idealTree ├── prepend-http@1.0.4
72 silly idealTree ├── preserve@0.2.0
72 silly idealTree ├── process-nextick-args@1.0.7
72 silly idealTree ├── promise@6.1.0
72 silly idealTree ├── proxy-addr@1.1.2
72 silly idealTree ├── ps-tree@1.1.0
72 silly idealTree ├── pug-attrs@0.0.0
72 silly idealTree ├─┬ pug-code-gen@0.0.0
72 silly idealTree │ ├── acorn-globals@3.0.0
72 silly idealTree │ └── with@5.1.1
72 silly idealTree ├── pug-error@0.0.0
72 silly idealTree ├─┬ pug-filters@1.1.0
72 silly idealTree │ ├── asap@2.0.4
72 silly idealTree │ ├── jstransformer@0.0.3
72 silly idealTree │ └── promise@7.1.1
72 silly idealTree ├─┬ pug-lexer@0.0.0
72 silly idealTree │ ├── acorn@2.7.0
72 silly idealTree │ ├── character-parser@2.2.0
72 silly idealTree │ └── is-expression@1.0.2
72 silly idealTree ├── pug-linker@0.0.0
72 silly idealTree ├── pug-loader@0.0.0
72 silly idealTree ├── pug-parser@0.0.0
72 silly idealTree ├── pug-runtime@0.0.0
72 silly idealTree ├── pug-strip-comments@0.0.1
72 silly idealTree ├── pug-walk@0.0.0
72 silly idealTree ├── pug@0.1.0
72 silly idealTree ├─┬ pump@1.0.1
72 silly idealTree │ └── end-of-stream@1.1.0
72 silly idealTree ├── pumpify@1.3.5
72 silly idealTree ├── qs@6.2.0
72 silly idealTree ├── randomatic@1.1.5
72 silly idealTree ├── range-parser@1.2.0
72 silly idealTree ├── raw-body@2.1.7
72 silly idealTree ├─┬ rc@1.1.6
72 silly idealTree │ └── minimist@1.2.0
72 silly idealTree ├─┬ read-all-stream@3.1.0
72 silly idealTree │ ├── isarray@1.0.0
72 silly idealTree │ └── readable-stream@2.1.5
72 silly idealTree ├── read-pkg-up@1.0.1
72 silly idealTree ├── read-pkg@1.1.0
72 silly idealTree ├── readable-stream@1.0.31
72 silly idealTree ├─┬ readdirp@2.1.0
72 silly idealTree │ ├── isarray@1.0.0
72 silly idealTree │ └── readable-stream@2.1.5
72 silly idealTree ├── redent@1.0.0
72 silly idealTree ├── regex-cache@0.4.3
72 silly idealTree ├── regexp-clone@0.0.1
72 silly idealTree ├── registry-url@3.1.0
72 silly idealTree ├── repeat-element@1.1.2
72 silly idealTree ├── repeat-string@1.5.4
72 silly idealTree ├── repeating@1.1.3
72 silly idealTree ├── require_optional@1.0.0
72 silly idealTree ├── resolve-from@2.0.0
72 silly idealTree ├── resolve@1.1.7
72 silly idealTree ├── right-align@0.1.3
72 silly idealTree ├── rimraf@2.2.8
72 silly idealTree ├── semver-diff@2.1.0
72 silly idealTree ├── semver@5.3.0
72 silly idealTree ├── send@0.14.1
72 silly idealTree ├── serve-static@1.11.1
72 silly idealTree ├── set-immediate-shim@1.0.1
72 silly idealTree ├── setprototypeof@1.0.1
72 silly idealTree ├── signal-exit@3.0.0
72 silly idealTree ├── sliced@1.0.1
72 silly idealTree ├── slide@1.1.6
72 silly idealTree ├── source-map@0.4.4
72 silly idealTree ├── spdx-correct@1.0.2
72 silly idealTree ├── spdx-expression-parse@1.0.3
72 silly idealTree ├── spdx-license-ids@1.2.2
72 silly idealTree ├── split@0.3.3
72 silly idealTree ├── split2@1.1.1
72 silly idealTree ├── sprintf-js@1.0.3
72 silly idealTree ├── statuses@1.3.0
72 silly idealTree ├── stream-combiner@0.0.4
72 silly idealTree ├── stream-shift@1.0.0
72 silly idealTree ├── string_decoder@0.10.31
72 silly idealTree ├── string-length@1.0.1
72 silly idealTree ├── strip-ansi@3.0.1
72 silly idealTree ├── strip-bom@2.0.0
72 silly idealTree ├── strip-indent@1.0.1
72 silly idealTree ├── strip-json-comments@1.0.4
72 silly idealTree ├── supports-color@2.0.0
72 silly idealTree ├── through@2.3.8
72 silly idealTree ├─┬ through2@2.0.1
72 silly idealTree │ ├── isarray@1.0.0
72 silly idealTree │ └── readable-stream@2.0.6
72 silly idealTree ├── timed-out@2.0.0
72 silly idealTree ├─┬ tiny-lr@0.2.1
72 silly idealTree │ ├─┬ body-parser@1.14.2
72 silly idealTree │ │ └── qs@5.2.0
72 silly idealTree │ ├── bytes@2.2.0
72 silly idealTree │ ├── http-errors@1.3.1
72 silly idealTree │ └── qs@5.1.0
72 silly idealTree ├── token-stream@0.0.1
72 silly idealTree ├── touch@1.0.0
72 silly idealTree ├─┬ transformers@2.1.0
72 silly idealTree │ ├── is-promise@1.0.1
72 silly idealTree │ ├── promise@2.0.0
72 silly idealTree │ ├── source-map@0.1.43
72 silly idealTree │ └── uglify-js@2.2.5
72 silly idealTree ├── trim-newlines@1.0.0
72 silly idealTree ├── type-is@1.6.13
72 silly idealTree ├─┬ uglify-js@2.7.3
72 silly idealTree │ └── source-map@0.5.6
72 silly idealTree ├── uglify-to-browserify@1.0.2
72 silly idealTree ├── undefsafe@0.0.3
72 silly idealTree ├── underscore.string@3.2.3
72 silly idealTree ├── underscore@1.8.3
72 silly idealTree ├── unpipe@1.0.0
72 silly idealTree ├── update-notifier@0.5.0
72 silly idealTree ├── util-deprecate@1.0.2
72 silly idealTree ├── utils-merge@1.0.0
72 silly idealTree ├── uuid@2.0.2
72 silly idealTree ├── validate-npm-package-license@3.0.1
72 silly idealTree ├── vary@1.1.0
72 silly idealTree ├── void-elements@2.0.1
72 silly idealTree ├── websocket-driver@0.6.5
72 silly idealTree ├── websocket-extensions@0.1.1
72 silly idealTree ├── which@1.2.10
72 silly idealTree ├── window-size@0.1.0
72 silly idealTree ├─┬ with@4.0.3
72 silly idealTree │ └── acorn@1.2.2
72 silly idealTree ├── wordwrap@0.0.3
72 silly idealTree ├── wrappy@1.0.2
72 silly idealTree ├── write-file-atomic@1.2.0
72 silly idealTree ├── xdg-basedir@2.0.0
72 silly idealTree ├── xtend@4.0.1
72 silly idealTree └── yargs@3.10.0
73 silly generateActionsToTake Starting
74 silly install generateActionsToTake
75 silly rollbackFailedOptional Starting
76 silly rollbackFailedOptional Finishing
77 silly runTopLevelLifecycles Starting
78 silly runTopLevelLifecycles Finishing
79 silly install printInstalled
80 verbose stack Error: Appears to be a git repo or submodule.
80 verbose stack     at D:\Program Files\nodejs\node_modules\npm\node_modules\npm-install-checks\index.js:138:15
80 verbose stack     at FSReqWrap.oncomplete (fs.js:82:15)
81 verbose cwd D:\workspace\nodejs\imooc
82 error Windows_NT 6.1.7601
83 error argv "D:\\Program Files\\nodejs\\node.exe" "D:\\Program Files\\nodejs\\node_modules\\npm\\bin\\npm-cli.js" "install"
84 error node v5.3.0
85 error npm  v3.3.12
86 error path D:\workspace\nodejs\imooc\node_modules\node.bcrypt.js
87 error code EISGIT
88 error git Appears to be a git repo or submodule.
88 error git     D:\workspace\nodejs\imooc\node_modules\node.bcrypt.js
88 error git Refusing to remove it. Update manually,
88 error git or move it out of the way first.
89 verbose exit [ 1, true ]
